
4월 16, 2020 11:48:36.99 NEW SESSION
4월 16, 2020 11:48:36.99 [8684:1944:0416/114836.978:ERROR:mcs_client.cc(758)] Received close command, resetting connection.

5월 18, 2020 15:43:36.40 NEW SESSION
5월 18, 2020 15:43:36.40 [4372:4356:0518/154336.278:ERROR:browser_switcher_service.cc(238)] XXX Init()
5월 18, 2020 15:43:52.67 [4372:4356:0518/154352.674:ERROR:device_event_log_impl.cc(162)] [15:43:52.673] Bluetooth: bluetooth_adapter_winrt.cc:718 GetBluetoothAdapterStaticsActivationFactory failed: 클래스가 등록되지 않았습니다. (0x80040154)
5월 18, 2020 16:32:31.01 [4372:4356:0518/163231.019:ERROR:page_load_metrics_update_dispatcher.cc(165)] Invalid first_paint (unset) for first_image_paint 1.163 s
5월 18, 2020 16:32:32.02 [4372:4356:0518/163232.021:ERROR:page_load_metrics_update_dispatcher.cc(165)] Invalid first_paint 1.19 s for first_image_paint 1.163 s
5월 18, 2020 16:32:33.07 [4372:4356:0518/163233.070:ERROR:page_load_metrics_update_dispatcher.cc(165)] Invalid first_paint 1.19 s for first_image_paint 1.163 s
5월 18, 2020 16:32:36.00 [4372:4356:0518/163236.001:ERROR:page_load_metrics_update_dispatcher.cc(165)] Invalid first_paint 1.19 s for first_image_paint 1.163 s
5월 18, 2020 16:32:37.34 [4372:4356:0518/163237.345:ERROR:page_load_metrics_update_dispatcher.cc(165)] Invalid first_paint 1.19 s for first_image_paint 1.163 s
5월 18, 2020 16:32:38.61 [4372:4356:0518/163238.618:ERROR:page_load_metrics_update_dispatcher.cc(165)] Invalid first_paint 1.19 s for first_image_paint 1.163 s
5월 18, 2020 16:32:39.82 [4372:4356:0518/163239.825:ERROR:page_load_metrics_update_dispatcher.cc(165)] Invalid first_paint 1.19 s for first_image_paint 1.163 s

6월 04, 2020 09:11:48.07 NEW SESSION
6월 04, 2020 09:11:48.07 [5276:5356:0604/091148.075:ERROR:device_event_log_impl.cc(208)] [09:11:48.055] Bluetooth: bluetooth_adapter_winrt.cc:723 GetBluetoothAdapterStaticsActivationFactory failed: 클래스가 등록되지 않았습니다. (0x80040154)
6월 04, 2020 10:52:09.43 [5276:5356:0604/105209.436:ERROR:page_load_metrics_update_dispatcher.cc(165)] Invalid first_paint 0.772 s for first_image_paint 0.756 s
6월 04, 2020 10:52:10.44 [5276:5356:0604/105210.444:ERROR:page_load_metrics_update_dispatcher.cc(165)] Invalid first_paint 0.772 s for first_image_paint 0.756 s
6월 04, 2020 10:52:11.46 [5276:5356:0604/105211.465:ERROR:page_load_metrics_update_dispatcher.cc(165)] Invalid first_paint 0.772 s for first_image_paint 0.756 s
6월 04, 2020 10:52:12.55 [5276:5356:0604/105212.556:ERROR:page_load_metrics_update_dispatcher.cc(165)] Invalid first_paint 0.772 s for first_image_paint 0.756 s
6월 04, 2020 10:52:14.88 [5276:5356:0604/105214.882:ERROR:page_load_metrics_update_dispatcher.cc(165)] Invalid first_paint 0.772 s for first_image_paint 0.756 s
6월 04, 2020 10:52:16.23 [5276:5356:0604/105216.233:ERROR:page_load_metrics_update_dispatcher.cc(165)] Invalid first_paint 0.772 s for first_image_paint 0.756 s
6월 04, 2020 10:52:17.32 [5276:5356:0604/105217.325:ERROR:page_load_metrics_update_dispatcher.cc(165)] Invalid first_paint 0.772 s for first_image_paint 0.756 s
6월 04, 2020 10:52:22.89 [5276:5356:0604/105222.890:ERROR:page_load_metrics_update_dispatcher.cc(165)] Invalid first_paint 0.772 s for first_image_paint 0.756 s
6월 04, 2020 10:52:24.74 [5276:5356:0604/105224.740:ERROR:page_load_metrics_update_dispatcher.cc(165)] Invalid first_paint 0.772 s for first_image_paint 0.756 s
6월 04, 2020 10:55:57.12 [5276:5356:0604/105557.121:ERROR:page_load_metrics_update_dispatcher.cc(165)] Invalid first_paint 0.772 s for first_image_paint 0.756 s
6월 04, 2020 11:06:19.09 [5276:5356:0604/110619.091:ERROR:page_load_metrics_update_dispatcher.cc(165)] Invalid first_paint 0.772 s for first_image_paint 0.756 s
6월 04, 2020 11:17:47.09 [5276:5356:0604/111747.091:ERROR:page_load_metrics_update_dispatcher.cc(165)] Invalid first_paint 0.772 s for first_image_paint 0.756 s
6월 04, 2020 11:22:04.48 [5276:5356:0604/112204.482:ERROR:page_load_metrics_update_dispatcher.cc(165)] Invalid first_paint 0.772 s for first_image_paint 0.756 s
6월 04, 2020 11:22:05.70 [5276:5356:0604/112205.704:ERROR:page_load_metrics_update_dispatcher.cc(165)] Invalid first_paint 0.772 s for first_image_paint 0.756 s
6월 04, 2020 11:30:36.09 [5276:5356:0604/113036.091:ERROR:page_load_metrics_update_dispatcher.cc(165)] Invalid first_paint 0.772 s for first_image_paint 0.756 s
6월 04, 2020 11:43:44.09 [5276:5356:0604/114344.090:ERROR:page_load_metrics_update_dispatcher.cc(165)] Invalid first_paint 0.772 s for first_image_paint 0.756 s
6월 04, 2020 11:52:28.00 [5276:5356:0604/115228.007:ERROR:page_load_metrics_update_dispatcher.cc(165)] Invalid first_paint 0.772 s for first_image_paint 0.756 s
